<?xml version="1.0" encoding="UTF-8"?>
<!-- Generated by org.testng.reporters.JUnitReportReporter -->
<testsuite hostname="vishal" failures="0" tests="7" name="testCases.TC003_LoginDDT" time="39.114" errors="0" timestamp="2025-03-19T12:58:02 IST" skipped="0">
  <testcase classname="testCases.TC003_LoginDDT" name="verify_loginDDT" time="1.439"/>
  <testcase classname="testCases.TC003_LoginDDT" name="verify_loginDDT" time="10.910"/>
  <testcase classname="testCases.TC003_LoginDDT" name="verify_loginDDT" time="10.968"/>
  <testcase classname="testCases.TC003_LoginDDT" name="verify_loginDDT" time="1.702"/>
  <testcase classname="testCases.TC003_LoginDDT" name="verify_loginDDT" time="1.736"/>
  <testcase classname="testCases.TC003_LoginDDT" name="verify_loginDDT" time="1.426"/>
  <testcase classname="testCases.TC003_LoginDDT" name="verify_loginDDT" time="10.933"/>
</testsuite> <!-- testCases.TC003_LoginDDT -->
