<?xml version="1.0" encoding="UTF-8"?>
<!-- Generated by org.testng.reporters.JUnitReportReporter -->
<testsuite hostname="vishal" failures="0" tests="2" name="testCases.TC001_AccountRegistrationTest" time="3.756" errors="0" timestamp="2025-07-06T01:59:32 IST" skipped="0">
  <testcase classname="testCases.TC001_AccountRegistrationTest" name="verify_account_regestration" time="1.840"/>
  <testcase classname="testCases.TC001_AccountRegistrationTest" name="verify_account_regestration" time="1.916"/>
</testsuite> <!-- testCases.TC001_AccountRegistrationTest -->
