<?xml version="1.0" encoding="UTF-8"?>
<!-- Generated by org.testng.reporters.JUnitReportReporter -->
<testsuite hostname="vishal" failures="0" tests="2" name="testCases.TC001_AccountRegistrationTest" time="2.966" errors="0" timestamp="2025-03-20T15:25:57 IST" skipped="0">
  <testcase classname="testCases.TC001_AccountRegistrationTest" name="verify_account_regestration" time="1.468"/>
  <testcase classname="testCases.TC001_AccountRegistrationTest" name="verify_account_regestration" time="1.498"/>
</testsuite> <!-- testCases.TC001_AccountRegistrationTest -->
