<?xml version="1.0" encoding="UTF-8"?>
<!-- Generated by org.testng.reporters.JUnitReportReporter -->
<testsuite hostname="vishal" failures="0" tests="2" name="testCases.TC002_LoginTest" time="2.774" errors="0" timestamp="2025-03-20T15:25:57 IST" skipped="0">
  <testcase classname="testCases.TC002_LoginTest" name="verify_login" time="1.408"/>
  <testcase classname="testCases.TC002_LoginTest" name="verify_login" time="1.366"/>
</testsuite> <!-- testCases.TC002_LoginTest -->
