<?xml version="1.0" encoding="UTF-8"?>
<!-- Generated by org.testng.reporters.JUnitReportReporter -->
<testsuite hostname="vishal" failures="0" tests="2" name="testCases.TC001_AccountRegistrationTest" time="4.955" errors="0" timestamp="2025-05-06T08:47:24 IST" skipped="0">
  <testcase classname="testCases.TC001_AccountRegistrationTest" name="verify_account_regestration" time="2.605"/>
  <testcase classname="testCases.TC001_AccountRegistrationTest" name="verify_account_regestration" time="2.350"/>
</testsuite> <!-- testCases.TC001_AccountRegistrationTest -->
