<?xml version="1.0" encoding="UTF-8"?>
<!-- Generated by org.testng.reporters.JUnitReportReporter -->
<testsuite hostname="vishal" failures="0" tests="2" name="testCases.TC002_LoginTest" time="3.035" errors="0" timestamp="2025-05-06T08:47:24 IST" skipped="0">
  <testcase classname="testCases.TC002_LoginTest" name="verify_login" time="1.529"/>
  <testcase classname="testCases.TC002_LoginTest" name="verify_login" time="1.506"/>
</testsuite> <!-- testCases.TC002_LoginTest -->
